Creating backup of /var/log...
Uploading to S3...
/home/user1/project19/backup.sh: line 29: aws: command not found
Backup completed successfully!
Creating backup of /var/log...
Uploading to S3...
/home/user1/project19/backup.sh: line 29: aws: command not found
Backup completed successfully!
Creating backup of /var/log...
Uploading to S3...
/home/user1/project19/backup.sh: line 29: aws: command not found
Backup completed successfully!
Creating backup of /var/log...
Uploading to S3...
/home/user1/project19/backup.sh: line 29: aws: command not found
Backup completed successfully!
Creating backup of /var/log...
Uploading to S3...
/home/user1/project19/backup.sh: line 29: aws: command not found
Backup completed successfully!
Creating backup of /var/log...
Uploading to S3...
/home/user1/project19/backup.sh: line 29: aws: command not found
Backup completed successfully!
Creating backup of /var/log...
Uploading to S3...
/home/user1/project19/backup.sh: line 29: aws: command not found
Backup completed successfully!
Creating backup of /var/log...
Uploading to S3...
/home/user1/project19/backup.sh: line 29: aws: command not found
Backup completed successfully!
Creating backup of /var/log...
Uploading to S3...
Completed 726.1 KiB/726.1 KiB (1.8 MiB/s) with 1 file(s) remainingupload: ./logs-backup-2026-01-31-19-32-01.tar.gz to s3://priyansh-backup-bucket-name-12345/logs-backup-2026-01-31-19-32-01.tar.gz
Backup completed successfully!
Creating backup of /var/log...
Uploading to S3...
Completed 726.1 KiB/726.1 KiB (1.8 MiB/s) with 1 file(s) remainingupload: ./logs-backup-2026-01-31-19-33-01.tar.gz to s3://priyansh-backup-bucket-name-12345/logs-backup-2026-01-31-19-33-01.tar.gz
Backup completed successfully!
Creating backup of /var/log...
Uploading to S3...
Completed 726.1 KiB/726.1 KiB (1.8 MiB/s) with 1 file(s) remainingupload: ./logs-backup-2026-01-31-19-34-01.tar.gz to s3://priyansh-backup-bucket-name-12345/logs-backup-2026-01-31-19-34-01.tar.gz
Backup completed successfully!
Creating backup of /var/log...
Uploading to S3...
Completed 726.1 KiB/726.1 KiB (1.7 MiB/s) with 1 file(s) remainingupload: ./logs-backup-2026-01-31-19-35-01.tar.gz to s3://priyansh-backup-bucket-name-12345/logs-backup-2026-01-31-19-35-01.tar.gz
Backup completed successfully!
Creating backup of /var/log...
Uploading to S3...
Completed 726.1 KiB/726.1 KiB (1.8 MiB/s) with 1 file(s) remainingupload: ./logs-backup-2026-01-31-19-36-01.tar.gz to s3://priyansh-backup-bucket-name-12345/logs-backup-2026-01-31-19-36-01.tar.gz
Backup completed successfully!
Creating backup of /var/log...
Uploading to S3...
Completed 726.2 KiB/726.2 KiB (1.8 MiB/s) with 1 file(s) remainingupload: ./logs-backup-2026-01-31-19-37-02.tar.gz to s3://priyansh-backup-bucket-name-12345/logs-backup-2026-01-31-19-37-02.tar.gz
Backup completed successfully!
Creating backup of /var/log...
Uploading to S3...
Completed 726.2 KiB/726.2 KiB (1.8 MiB/s) with 1 file(s) remainingupload: ./logs-backup-2026-01-31-19-38-01.tar.gz to s3://priyansh-backup-bucket-name-12345/logs-backup-2026-01-31-19-38-01.tar.gz
Backup completed successfully!
